0 info it worked if it ends with ok
1 verbose cli [ '/usr/local/Cellar/node/7.4.0/bin/node',
1 verbose cli   '/usr/local/bin/npm',
1 verbose cli   'run',
1 verbose cli   'jscs' ]
2 info using npm@4.0.5
3 info using node@v7.4.0
4 verbose run-script [ 'prejscs', 'jscs', 'postjscs' ]
5 info lifecycle WestLondonCoders@~prejscs: WestLondonCoders@
6 silly lifecycle WestLondonCoders@~prejscs: no script for prejscs, continuing
7 info lifecycle WestLondonCoders@~jscs: WestLondonCoders@
8 verbose lifecycle WestLondonCoders@~jscs: unsafe-perm in lifecycle true
9 verbose lifecycle WestLondonCoders@~jscs: PATH: /usr/local/lib/node_modules/npm/bin/node-gyp-bin:/Users/stephenbrewer/wlcrails/node_modules/.bin:/Users/stephenbrewer/.rvm/gems/ruby-2.3.3/bin:/Users/stephenbrewer/.rvm/gems/ruby-2.3.3@global/bin:/Users/stephenbrewer/.rvm/rubies/ruby-2.3.3/bin:/Users/stephenbrewer/.rvm/bin:/usr/local/sbin:/usr/local/sbin:/Users/stephenbrewer/.gem/ruby/2.2.4/bin:/Users/stephenbrewer/.rubies/ruby-2.2.4/lib/ruby/gems/2.2.0/bin:/Users/stephenbrewer/.rubies/ruby-2.2.4/bin:/usr/local/bin:/usr/bin:/bin:/usr/sbin:/sbin
10 verbose lifecycle WestLondonCoders@~jscs: CWD: /Users/stephenbrewer/wlcrails
11 silly lifecycle WestLondonCoders@~jscs: Args: [ '-c',
11 silly lifecycle   'jscs --config .jscsrc $npm_package_config_path_javascript' ]
12 silly lifecycle WestLondonCoders@~jscs: Returned: code: 1  signal: null
13 info lifecycle WestLondonCoders@~jscs: Failed to exec jscs script
14 verbose stack Error: WestLondonCoders@ jscs: `jscs --config .jscsrc $npm_package_config_path_javascript`
14 verbose stack Exit status 1
14 verbose stack     at EventEmitter.<anonymous> (/usr/local/lib/node_modules/npm/lib/utils/lifecycle.js:279:16)
14 verbose stack     at emitTwo (events.js:106:13)
14 verbose stack     at EventEmitter.emit (events.js:191:7)
14 verbose stack     at ChildProcess.<anonymous> (/usr/local/lib/node_modules/npm/lib/utils/spawn.js:40:14)
14 verbose stack     at emitTwo (events.js:106:13)
14 verbose stack     at ChildProcess.emit (events.js:191:7)
14 verbose stack     at maybeClose (internal/child_process.js:885:16)
14 verbose stack     at Process.ChildProcess._handle.onexit (internal/child_process.js:226:5)
15 verbose pkgid WestLondonCoders@
16 verbose cwd /Users/stephenbrewer/wlcrails
17 error Darwin 16.4.0
18 error argv "/usr/local/Cellar/node/7.4.0/bin/node" "/usr/local/bin/npm" "run" "jscs"
19 error node v7.4.0
20 error npm  v4.0.5
21 error code ELIFECYCLE
22 error WestLondonCoders@ jscs: `jscs --config .jscsrc $npm_package_config_path_javascript`
22 error Exit status 1
23 error Failed at the WestLondonCoders@ jscs script 'jscs --config .jscsrc $npm_package_config_path_javascript'.
23 error Make sure you have the latest version of node.js and npm installed.
23 error If you do, this is most likely a problem with the WestLondonCoders package,
23 error not with npm itself.
23 error Tell the author that this fails on your system:
23 error     jscs --config .jscsrc $npm_package_config_path_javascript
23 error You can get information on how to open an issue for this project with:
23 error     npm bugs WestLondonCoders
23 error Or if that isn't available, you can get their info via:
23 error     npm owner ls WestLondonCoders
23 error There is likely additional logging output above.
24 verbose exit [ 1, true ]
